<?xml version="1.0" encoding="UTF-8"?>
<!-- Generated by org.testng.reporters.JUnitXMLReporter -->
<testsuite hostname="KG-GSSL135" ignored="2" name="Test" tests="1" failures="0" timestamp="2023-02-11T12:40:46 IST" time="27.386" errors="0">
  <testcase name="checkValid" time="2.858" classname="arunkumar.Test.LoginTestC"/>
  <testcase name="applyLeave" time="0.0" classname="arunkumar.Test.CalendarTest">
    <ignored/>
  </testcase> <!-- applyLeave -->
  <testcase name="checkInvalid" time="0.0" classname="arunkumar.Test.LoginTestC">
    <ignored/>
  </testcase> <!-- checkInvalid -->
</testsuite> <!-- Test -->
